<?xml version="1.0" encoding="UTF-8"?>
<!-- Generated by org.testng.reporters.JUnitXMLReporter -->
<testsuite hostname="uascs-Air.home" name="Default test" tests="3" failures="0" timestamp="7 Mar 2020 20:53:44 GMT" time="44.467" errors="0">
  <testcase name="verifyHomePageTitle" time="0.04" classname="com.hubspot.tests.HomePageTest"/>
  <testcase name="verifyHomePageHeader" time="0.056" classname="com.hubspot.tests.HomePageTest"/>
  <testcase name="verifyLoggedInUserAccountTest" time="0.05" classname="com.hubspot.tests.HomePageTest"/>
</testsuite> <!-- Default test -->
