<?xml version="1.0" encoding="UTF-8"?>
<!-- Generated by org.testng.reporters.JUnitXMLReporter -->
<testsuite hostname="uascs-Air.home" name="Hubspot Sanity Test" tests="7" failures="0" timestamp="7 Mar 2020 21:03:30 GMT" time="81.169" errors="0">
  <testcase name="getTitle" time="0.766" classname="com.hubspot.tests.LoginPageTest"/>
  <testcase name="loginTest1" time="1.72" classname="com.hubspot.tests.LoginPageTest"/>
  <testcase name="loginTest2" time="1.656" classname="com.hubspot.tests.LoginPageTest"/>
  <testcase name="loginTest3" time="1.624" classname="com.hubspot.tests.LoginPageTest"/>
  <testcase name="verifyHomePageTitle" time="0.019" classname="com.hubspot.tests.HomePageTest"/>
  <testcase name="verifyHomePageHeader" time="0.05" classname="com.hubspot.tests.HomePageTest"/>
  <testcase name="verifyLoggedInUserAccountTest" time="0.053" classname="com.hubspot.tests.HomePageTest"/>
</testsuite> <!-- Hubspot Sanity Test -->
