<?xml version="1.0" encoding="UTF-8"?>
<testng-results skipped="0" failed="0" total="1" passed="1">
  <reporter-output>
  </reporter-output>
  <suite name="Default suite" duration-ms="15279" started-at="2020-03-14T00:20:03Z" finished-at="2020-03-14T00:20:18Z">
    <groups>
    </groups>
    <test name="Default test" duration-ms="15279" started-at="2020-03-14T00:20:03Z" finished-at="2020-03-14T00:20:18Z">
      <class name="com.hubspot.tests.LoginPageTest">
        <test-method status="PASS" signature="setUp()[pri:0, instance:com.hubspot.tests.LoginPageTest@127e70c5]" name="setUp" is-config="true" duration-ms="12533" started-at="2020-03-13T20:20:03Z" finished-at="2020-03-13T20:20:16Z">
          <reporter-output>
          </reporter-output>
        </test-method> <!-- setUp -->
        <test-method status="PASS" signature="loginTest1()[pri:2, instance:com.hubspot.tests.LoginPageTest@127e70c5]" name="loginTest1" duration-ms="2342" started-at="2020-03-13T20:20:16Z" description="Login test correct username and password" finished-at="2020-03-13T20:20:18Z">
          <reporter-output>
          </reporter-output>
        </test-method> <!-- loginTest1 -->
        <test-method status="PASS" signature="tearDown()[pri:0, instance:com.hubspot.tests.LoginPageTest@127e70c5]" name="tearDown" is-config="true" duration-ms="248" started-at="2020-03-13T20:20:18Z" finished-at="2020-03-13T20:20:18Z">
          <reporter-output>
          </reporter-output>
        </test-method> <!-- tearDown -->
      </class> <!-- com.hubspot.tests.LoginPageTest -->
    </test> <!-- Default test -->
  </suite> <!-- Default suite -->
</testng-results>
